SpeechBrain system description
==============================
Python version:
3.8.13 (default, Mar 28 2022, 11:38:47) 
[GCC 7.5.0]
==============================
Installed Python packages:
actionlib==1.13.2
angles==1.9.13
appdirs==1.4.4
attrs @ file:///opt/conda/conda-bld/attrs_1642510447205/work
black==19.10b0
bondpy==1.8.6
camera-calibration==1.16.0
camera-calibration-parsers==1.12.0
catkin==0.8.10
certifi==2021.10.8
cfgv==3.3.1
charset-normalizer==2.0.12
click @ file:///tmp/build/80754af9/click_1646038465422/work
controller-manager==0.19.5
controller-manager-msgs==0.19.5
cv-bridge==1.16.0
diagnostic-analysis==1.11.0
diagnostic-common-diagnostics==1.11.0
diagnostic-updater==1.11.0
distlib==0.3.4
dynamic-reconfigure==1.7.2
entrypoints==0.3
filelock==3.6.0
flake8==3.7.9
gazebo_plugins==2.9.2
gazebo_ros==2.9.2
gencpp==0.6.5
geneus==3.0.0
genlisp==0.4.18
genmsg==0.5.16
gennodejs==2.0.2
genpy==0.6.15
huggingface-hub==0.5.1
HyperPyYAML==1.0.1
identify==2.4.12
idna==3.3
image-geometry==1.16.0
iniconfig==1.1.1
interactive-markers==1.12.0
joblib==1.1.0
joint-state-publisher==1.15.1
joint-state-publisher-gui==1.15.1
laser_geometry==1.6.7
mccabe==0.6.1
message-filters==1.15.14
more-itertools @ file:///tmp/build/80754af9/more-itertools_1637733554872/work
mypy-extensions==0.4.3
nodeenv==1.6.0
numpy==1.22.3
packaging @ file:///tmp/build/80754af9/packaging_1637314298585/work
pathspec==0.7.0
platformdirs==2.5.2
pluggy @ file:///tmp/build/80754af9/pluggy_1615976321666/work
pre-commit==2.18.1
psycopg2==2.9.3
py @ file:///opt/conda/conda-bld/py_1644396412707/work
pycodestyle==2.5.0
pyflakes==2.1.1
pyparsing==3.0.8
pytest==5.4.1
python-qt-binding==0.4.4
PyYAML==6.0
qt-dotgraph==0.4.2
qt-gui==0.4.2
qt-gui-cpp==0.4.2
qt-gui-py-common==0.4.2
regex @ file:///tmp/build/80754af9/regex_1648447708112/work
requests==2.27.1
resource_retriever==1.12.7
rosbag==1.15.14
rosboost-cfg==1.15.8
rosclean==1.15.8
roscreate==1.15.8
rosgraph==1.15.14
roslaunch==1.15.14
roslib==1.15.8
roslint==0.12.0
roslz4==1.15.14
rosmake==1.15.8
rosmaster==1.15.14
rosmsg==1.15.14
rosnode==1.15.14
rosparam==1.15.14
rospy==1.15.14
rosservice==1.15.14
rostest==1.15.14
rostopic==1.15.14
rosunit==1.15.8
roswtf==1.15.14
rqt-moveit==0.5.10
rqt-reconfigure==0.5.4
rqt-robot-dashboard==0.5.8
rqt-robot-monitor==0.5.14
rqt-rviz==0.7.0
rqt_action==0.4.9
rqt_bag==0.5.1
rqt_bag_plugins==0.5.1
rqt_console==0.4.11
rqt_dep==0.4.12
rqt_graph==0.4.14
rqt_gui==0.5.3
rqt_gui_py==0.5.3
rqt_image_view==0.4.16
rqt_launch==0.4.9
rqt_logger_level==0.4.11
rqt_msg==0.4.10
rqt_nav_view==0.5.7
rqt_plot==0.4.13
rqt_pose_view==0.5.11
rqt_publisher==0.4.10
rqt_py_common==0.5.3
rqt_py_console==0.4.10
rqt_robot_steering==0.5.12
rqt_runtime_monitor==0.5.9
rqt_service_caller==0.4.10
rqt_shell==0.4.11
rqt_srv==0.4.9
rqt_tf_tree==0.6.2
rqt_top==0.4.10
rqt_topic==0.4.13
rqt_web==0.4.10
ruamel.yaml==0.17.21
ruamel.yaml.clib==0.2.6
rviz==1.14.14
scipy==1.8.0
sensor-msgs==1.13.1
sentencepiece==0.1.96
six==1.16.0
smach==2.5.0
smach-ros==2.5.0
smclib==1.8.6
speechbrain==0.5.11
tf==1.13.2
tf-conversions==1.13.2
tf2-geometry-msgs==0.7.5
tf2-kdl==0.7.5
tf2-py==0.7.5
tf2-ros==0.7.5
toml @ file:///tmp/build/80754af9/toml_1616166611790/work
tomli==2.0.1
topic-tools==1.15.14
torch==1.10.1
torchaudio==0.10.1
tqdm==4.64.0
typed-ast @ file:///tmp/build/80754af9/typed-ast_1624953673417/work
typing_extensions==4.2.0
urllib3==1.26.9
vcstool==0.3.0
virtualenv==20.14.1
wcwidth @ file:///Users/ktietz/demo/mc3/conda-bld/wcwidth_1629357192024/work
xacro==1.14.13
yamllint==1.23.0
==============================
Git revision:
b5d2836e
==============================
CUDA not available